#
# There is insufficient memory for the Java Runtime Environment to continue.
# Native memory allocation (malloc) failed to allocate 1048576 bytes. Error detail: AllocateHeap
# Possible reasons:
#   The system is out of physical RAM or swap space
#   This process is running with CompressedOops enabled, and the Java Heap may be blocking the growth of the native heap
# Possible solutions:
#   Reduce memory load on the system
#   Increase physical memory or swap space
#   Check if swap backing store is full
#   Decrease Java heap size (-Xmx/-Xms)
#   Decrease number of Java threads
#   Decrease Java thread stack sizes (-Xss)
#   Set larger code cache with -XX:ReservedCodeCacheSize=
#   JVM is running with Unscaled Compressed Oops mode in which the Java heap is
#     placed in the first 4GB address space. The Java Heap base address is the
#     maximum limit for the native heap growth. Please use -XX:HeapBaseMinAddress
#     to set the Java Heap base and to place the Java Heap above 4GB virtual address.
# This output file may be truncated or incomplete.
#
#  Out of Memory Error (allocation.cpp:44), pid=6768, tid=21360
#
# JRE version: OpenJDK Runtime Environment Temurin-21.0.8+9 (21.0.8+9) (build 21.0.8+9-LTS)
# Java VM: OpenJDK 64-Bit Server VM Temurin-21.0.8+9 (21.0.8+9-LTS, mixed mode, sharing, tiered, compressed oops, compressed class ptrs, parallel gc, windows-amd64)
# No core dump will be written. Minidumps are not enabled by default on client versions of Windows
#

---------------  S U M M A R Y ------------

Command Line: --add-modules=ALL-SYSTEM --add-opens=java.base/java.util=ALL-UNNAMED --add-opens=java.base/java.lang=ALL-UNNAMED --add-opens=java.base/sun.nio.fs=ALL-UNNAMED -Declipse.application=org.eclipse.jdt.ls.core.id1 -Dosgi.bundles.defaultStartLevel=4 -Declipse.product=org.eclipse.jdt.ls.core.product -Djava.import.generatesMetadataFilesAtProjectRoot=false -DDetectVMInstallationsJob.disabled=true -Dfile.encoding=utf8 -XX:+UseParallelGC -XX:GCTimeRatio=4 -XX:AdaptiveSizePolicyWeight=90 -Dsun.zip.disableMemoryMapping=true -Xmx2G -Xms100m -Xlog:disable -javaagent:c:\Users\dell\.vscode\extensions\redhat.java-1.46.0-win32-x64\lombok\lombok-1.18.39-4050.jar -XX:+HeapDumpOnOutOfMemoryError -XX:HeapDumpPath=c:\Users\dell\AppData\Roaming\Code\User\workspaceStorage\0f34f62164e525c3dc22d11452f6a745\redhat.java -Daether.dependencyCollector.impl=bf c:\Users\dell\.vscode\extensions\redhat.java-1.46.0-win32-x64\server\plugins\org.eclipse.equinox.launcher_1.7.0.v20250519-0528.jar -configuration c:\Users\dell\AppData\Roaming\Code\User\globalStorage\redhat.java\1.46.0\config_win -data c:\Users\dell\AppData\Roaming\Code\User\workspaceStorage\0f34f62164e525c3dc22d11452f6a745\redhat.java\jdt_ws --pipe=\\.\pipe\lsp-26e9854910fa1b6776c03d48093826c6-sock

Host: Intel(R) Core(TM) i5-8350U CPU @ 1.70GHz, 8 cores, 15G,  Windows 11 , 64 bit Build 26100 (10.0.26100.6725)
Time: Mon Oct 27 09:47:23 2025 SE Asia Standard Time elapsed time: 3415.600405 seconds (0d 0h 56m 55s)

---------------  T H R E A D  ---------------

Current thread (0x0000017543f4c9f0):  JavaThread "Attach Listener" daemon [_thread_in_vm, id=21360, stack(0x00000029c7c00000,0x00000029c7d00000) (1024K)]

Stack: [0x00000029c7c00000,0x00000029c7d00000]
Native frames: (J=compiled Java code, j=interpreted, Vv=VM code, C=native code)
V  [jvm.dll+0x6d2449]
V  [jvm.dll+0x8ae341]
V  [jvm.dll+0x8b08be]
V  [jvm.dll+0x8b0fa3]
V  [jvm.dll+0x280c96]
V  [jvm.dll+0xc0347]
V  [jvm.dll+0x6d2cf9]
V  [jvm.dll+0x131116]
V  [jvm.dll+0x3f2d16]
V  [jvm.dll+0x857e6b]
V  [jvm.dll+0x6d0b0d]
C  [ucrtbase.dll+0x37b0]
C  [KERNEL32.DLL+0x2e8d7]
C  [ntdll.dll+0x8c53c]


---------------  P R O C E S S  ---------------

Threads class SMR info:
_java_thread_list=0x000001758b8df8d0, length=35, elements={
0x000001752d4dfc90, 0x0000017543f483b0, 0x000001752d59da30, 0x0000017543f49b10,
0x0000017543f4c9f0, 0x0000017543f4d640, 0x0000017543f500a0, 0x0000017543f50ed0,
0x00000175868bd470, 0x00000175869568f0, 0x0000017586b9da10, 0x000001758b90bd10,
0x000001758b713520, 0x000001758b06cc30, 0x000001758b5921d0, 0x000001758b2bbba0,
0x000001758b1d3c40, 0x000001758b848230, 0x000001758b847510, 0x000001758b848f50,
0x000001758b845ad0, 0x000001758b846e80, 0x000001758e4b2800, 0x000001758e4b1450,
0x000001758e4b4f60, 0x000001758e4b2e90, 0x000001758e4b3520, 0x000001758e4b3bb0,
0x000001758e4b4240, 0x000001758e4b2170, 0x000001758e4b48d0, 0x000001758e4b1ae0,
0x000001758e4b55f0, 0x000001758e4b76c0, 0x000001758da74b30
}

Java Threads: ( => current thread )
  0x000001752d4dfc90 JavaThread "main"                              [_thread_blocked, id=24288, stack(0x00000029c7500000,0x00000029c7600000) (1024K)]
  0x0000017543f483b0 JavaThread "Reference Handler"          daemon [_thread_blocked, id=21176, stack(0x00000029c7900000,0x00000029c7a00000) (1024K)]
  0x000001752d59da30 JavaThread "Finalizer"                  daemon [_thread_blocked, id=900, stack(0x00000029c7a00000,0x00000029c7b00000) (1024K)]
  0x0000017543f49b10 JavaThread "Signal Dispatcher"          daemon [_thread_blocked, id=21196, stack(0x00000029c7b00000,0x00000029c7c00000) (1024K)]
=>0x0000017543f4c9f0 JavaThread "Attach Listener"            daemon [_thread_in_vm, id=21360, stack(0x00000029c7c00000,0x00000029c7d00000) (1024K)]
  0x0000017543f4d640 JavaThread "Service Thread"             daemon [_thread_blocked, id=18892, stack(0x00000029c7d00000,0x00000029c7e00000) (1024K)]
  0x0000017543f500a0 JavaThread "Monitor Deflation Thread"   daemon [_thread_blocked, id=6852, stack(0x00000029c7e00000,0x00000029c7f00000) (1024K)]
  0x0000017543f50ed0 JavaThread "C2 CompilerThread0"         daemon [_thread_blocked, id=20780, stack(0x00000029c7f00000,0x00000029c8000000) (1024K)]
  0x00000175868bd470 JavaThread "C1 CompilerThread0"         daemon [_thread_blocked, id=8448, stack(0x00000029c8000000,0x00000029c8100000) (1024K)]
  0x00000175869568f0 JavaThread "Common-Cleaner"             daemon [_thread_blocked, id=22956, stack(0x00000029c8100000,0x00000029c8200000) (1024K)]
  0x0000017586b9da10 JavaThread "Notification Thread"        daemon [_thread_blocked, id=12224, stack(0x00000029c8300000,0x00000029c8400000) (1024K)]
  0x000001758b90bd10 JavaThread "Active Thread: Equinox Container: caec487e-f09d-45fc-85ab-9eb926df62e3"        [_thread_blocked, id=1292, stack(0x00000029c8400000,0x00000029c8500000) (1024K)]
  0x000001758b713520 JavaThread "Refresh Thread: Equinox Container: caec487e-f09d-45fc-85ab-9eb926df62e3" daemon [_thread_blocked, id=19880, stack(0x00000029c8200000,0x00000029c8300000) (1024K)]
  0x000001758b06cc30 JavaThread "Framework Event Dispatcher: Equinox Container: caec487e-f09d-45fc-85ab-9eb926df62e3" daemon [_thread_blocked, id=19688, stack(0x00000029c8c00000,0x00000029c8d00000) (1024K)]
  0x000001758b5921d0 JavaThread "Start Level: Equinox Container: caec487e-f09d-45fc-85ab-9eb926df62e3" daemon [_thread_blocked, id=5828, stack(0x00000029c8d00000,0x00000029c8e00000) (1024K)]
  0x000001758b2bbba0 JavaThread "Bundle File Closer"         daemon [_thread_blocked, id=1584, stack(0x00000029c8f00000,0x00000029c9000000) (1024K)]
  0x000001758b1d3c40 JavaThread "SCR Component Actor"        daemon [_thread_blocked, id=2504, stack(0x00000029c8e00000,0x00000029c8f00000) (1024K)]
  0x000001758b848230 JavaThread "Worker-JM"                         [_thread_blocked, id=14616, stack(0x00000029c9200000,0x00000029c9300000) (1024K)]
  0x000001758b847510 JavaThread "JNA Cleaner"                daemon [_thread_blocked, id=21096, stack(0x00000029c9100000,0x00000029c9200000) (1024K)]
  0x000001758b848f50 JavaThread "Worker-2"                          [_thread_blocked, id=22928, stack(0x00000029c9300000,0x00000029c9400000) (1024K)]
  0x000001758b845ad0 JavaThread "Java indexing"              daemon [_thread_blocked, id=23240, stack(0x00000029c9700000,0x00000029c9800000) (1024K)]
  0x000001758b846e80 JavaThread "Worker-5"                          [_thread_blocked, id=4180, stack(0x00000029c9c00000,0x00000029c9d00000) (1024K)]
  0x000001758e4b2800 JavaThread "Thread-1"                   daemon [_thread_in_native, id=16464, stack(0x00000029c9d00000,0x00000029c9e00000) (1024K)]
  0x000001758e4b1450 JavaThread "Thread-2"                   daemon [_thread_in_native, id=23560, stack(0x00000029c9e00000,0x00000029c9f00000) (1024K)]
  0x000001758e4b4f60 JavaThread "Thread-3"                   daemon [_thread_in_native, id=24372, stack(0x00000029c9f00000,0x00000029ca000000) (1024K)]
  0x000001758e4b2e90 JavaThread "Thread-4"                   daemon [_thread_in_native, id=9128, stack(0x00000029ca000000,0x00000029ca100000) (1024K)]
  0x000001758e4b3520 JavaThread "Thread-5"                   daemon [_thread_in_native, id=12944, stack(0x00000029ca100000,0x00000029ca200000) (1024K)]
  0x000001758e4b3bb0 JavaThread "Thread-6"                   daemon [_thread_in_native, id=23908, stack(0x00000029ca200000,0x00000029ca300000) (1024K)]
  0x000001758e4b4240 JavaThread "Thread-7"                   daemon [_thread_in_native, id=23724, stack(0x00000029ca300000,0x00000029ca400000) (1024K)]
  0x000001758e4b2170 JavaThread "Thread-8"                   daemon [_thread_in_native, id=14152, stack(0x00000029ca400000,0x00000029ca500000) (1024K)]
  0x000001758e4b48d0 JavaThread "Thread-9"                   daemon [_thread_in_native, id=11632, stack(0x00000029ca500000,0x00000029ca600000) (1024K)]
  0x000001758e4b1ae0 JavaThread "pool-2-thread-1"                   [_thread_blocked, id=10416, stack(0x00000029ca600000,0x00000029ca700000) (1024K)]
  0x000001758e4b55f0 JavaThread "WorkspaceEventsHandler"            [_thread_blocked, id=16628, stack(0x00000029ca700000,0x00000029ca800000) (1024K)]
  0x000001758e4b76c0 JavaThread "pool-1-thread-1"                   [_thread_blocked, id=1572, stack(0x00000029ca800000,0x00000029ca900000) (1024K)]
  0x000001758da74b30 JavaThread "Timer-0"                           [_thread_blocked, id=15284, stack(0x00000029caf00000,0x00000029cb000000) (1024K)]
Total: 35

Other Threads:
  0x0000017543f42650 VMThread "VM Thread"                           [id=15288, stack(0x00000029c7800000,0x00000029c7900000) (1024K)]
  0x0000017543e5ba00 WatcherThread "VM Periodic Task Thread"        [id=13108, stack(0x00000029c7700000,0x00000029c7800000) (1024K)]
  0x000001752d4ff530 WorkerThread "GC Thread#0"                     [id=9936, stack(0x00000029c7600000,0x00000029c7700000) (1024K)]
  0x000001758b48a170 WorkerThread "GC Thread#1"                     [id=24504, stack(0x00000029c8500000,0x00000029c8600000) (1024K)]
  0x000001758b09c8e0 WorkerThread "GC Thread#2"                     [id=22440, stack(0x00000029c8600000,0x00000029c8700000) (1024K)]
  0x0000017586c17ea0 WorkerThread "GC Thread#3"                     [id=21760, stack(0x00000029c8700000,0x00000029c8800000) (1024K)]
  0x0000017586c18240 WorkerThread "GC Thread#4"                     [id=18292, stack(0x00000029c8800000,0x00000029c8900000) (1024K)]
  0x000001758b640f00 WorkerThread "GC Thread#5"                     [id=2532, stack(0x00000029c8900000,0x00000029c8a00000) (1024K)]
  0x000001758b6412a0 WorkerThread "GC Thread#6"                     [id=23676, stack(0x00000029c8a00000,0x00000029c8b00000) (1024K)]
  0x0000017543f52c40 WorkerThread "GC Thread#7"                     [id=13852, stack(0x00000029c8b00000,0x00000029c8c00000) (1024K)]
Total: 10

Threads with active compile tasks:
Total: 0

VM state: not at safepoint (normal execution)

VM Mutex/Monitor currently owned by a thread: None

Heap address: 0x0000000080000000, size: 2048 MB, Compressed Oops mode: 32-bit

CDS archive(s) mapped at: [0x0000017544000000-0x0000017544ba0000-0x0000017544ba0000), size 12189696, SharedBaseAddress: 0x0000017544000000, ArchiveRelocationMode: 1.
Compressed class space mapped at: 0x0000017545000000-0x0000017585000000, reserved size: 1073741824
Narrow klass base: 0x0000017544000000, Narrow klass shift: 0, Narrow klass range: 0x100000000

GC Precious Log:
 CardTable entry size: 512
 CPUs: 8 total, 8 available
 Memory: 16242M
 Large Page Support: Disabled
 NUMA Support: Disabled
 Compressed Oops: Enabled (32-bit)
 Alignments: Space 512K, Generation 512K, Heap 2M
 Heap Min Capacity: 100M
 Heap Initial Capacity: 100M
 Heap Max Capacity: 2G
 Pre-touch: Disabled
 Parallel Workers: 8

Heap:
 PSYoungGen      total 6144K, used 5385K [0x00000000d5580000, 0x00000000d5c80000, 0x0000000100000000)
  eden space 5632K, 91% used [0x00000000d5580000,0x00000000d5a825c8,0x00000000d5b00000)
  from space 512K, 50% used [0x00000000d5c00000,0x00000000d5c40000,0x00000000d5c80000)
  to   space 512K, 0% used [0x00000000d5b80000,0x00000000d5b80000,0x00000000d5c00000)
 ParOldGen       total 90624K, used 67260K [0x0000000080000000, 0x0000000085880000, 0x00000000d5580000)
  object space 90624K, 74% used [0x0000000080000000,0x00000000841af220,0x0000000085880000)
 Metaspace       used 59680K, committed 61184K, reserved 1114112K
  class space    used 6917K, committed 7552K, reserved 1048576K

Card table byte_map: [0x000001752ce80000,0x000001752d290000] _byte_map_base: 0x000001752ca80000

Marking Bits: (ParMarkBitMap*) 0x00007ffbebbea340
 Begin Bits: [0x000001753f980000, 0x0000017541980000)
 End Bits:   [0x0000017541980000, 0x0000017543980000)

Polling page: 0x000001752cb40000

Metaspace:

Usage:
  Non-class:     51.53 MB used.
      Class:      6.76 MB used.
       Both:     58.28 MB used.

Virtual space:
  Non-class space:       64.00 MB reserved,      52.38 MB ( 82%) committed,  1 nodes.
      Class space:        1.00 GB reserved,       7.38 MB ( <1%) committed,  1 nodes.
             Both:        1.06 GB reserved,      59.75 MB (  5%) committed. 

Chunk freelists:
   Non-Class:  11.32 MB
       Class:  8.67 MB
        Both:  19.98 MB

MaxMetaspaceSize: unlimited
CompressedClassSpaceSize: 1.00 GB
Initial GC threshold: 21.00 MB
Current GC threshold: 99.00 MB
CDS: on
 - commit_granule_bytes: 65536.
 - commit_granule_words: 8192.
 - virtual_space_node_default_size: 8388608.
 - enlarge_chunks_in_place: 1.
 - use_allocation_guard: 0.


Internal statistics:

num_allocs_failed_limit: 21.
num_arena_births: 1096.
num_arena_deaths: 26.
num_vsnodes_births: 2.
num_vsnodes_deaths: 0.
num_space_committed: 956.
num_space_uncommitted: 0.
num_chunks_returned_to_freelist: 52.
num_chunks_taken_from_freelist: 3763.
num_chunk_merges: 27.
num_chunk_splits: 2398.
num_chunks_enlarged: 1454.
num_inconsistent_stats: 0.

CodeHeap 'non-profiled nmethods': size=120000Kb used=5676Kb max_used=5676Kb free=114323Kb
 bounds [0x00000175381a0000, 0x0000017538730000, 0x000001753f6d0000]
CodeHeap 'profiled nmethods': size=120000Kb used=16956Kb max_used=16956Kb free=103044Kb
 bounds [0x00000175306d0000, 0x0000017531760000, 0x0000017537c00000]
CodeHeap 'non-nmethods': size=5760Kb used=1391Kb max_used=1459Kb free=4368Kb
 bounds [0x0000017537c00000, 0x0000017537e70000, 0x00000175381a0000]
CodeCache: size=245760Kb, used=24023Kb, max_used=24091Kb, free=221735Kb
 total_blobs=9031, nmethods=8339, adapters=598, full_count=0
Compilation: enabled, stopped_count=0, restarted_count=0

Compilation events (20 events):
Event: 2846.521 Thread 0x0000017543f50ed0 9161   !   4       java.io.WinNTFileSystem::getBooleanAttributes (27 bytes)
Event: 2846.523 Thread 0x0000017543f50ed0 nmethod 9161 0x000001753872a210 code [0x000001753872a3c0, 0x000001753872a510]
Event: 2846.641 Thread 0x0000017543f50ed0 9162       4       com.google.gson.stream.JsonWriter::newline (55 bytes)
Event: 2846.642 Thread 0x0000017543f50ed0 nmethod 9162 0x000001753872a710 code [0x000001753872a8a0, 0x000001753872a950]
Event: 2846.642 Thread 0x00000175868bd470 9163       3       org.eclipse.core.internal.dtree.DeltaDataTree::<init> (20 bytes)
Event: 2846.642 Thread 0x00000175868bd470 nmethod 9163 0x000001753175ce90 code [0x000001753175d060, 0x000001753175d3c0]
Event: 2846.642 Thread 0x00000175868bd470 9164  s    3       org.eclipse.core.internal.watson.ElementTree::immutable (36 bytes)
Event: 2846.642 Thread 0x00000175868bd470 nmethod 9164 0x000001753175d510 code [0x000001753175d700, 0x000001753175dc30]
Event: 2903.978 Thread 0x00000175868bd470 9165       3       java.nio.charset.CharsetDecoder::onMalformedInput (26 bytes)
Event: 2903.978 Thread 0x00000175868bd470 nmethod 9165 0x000001753175de10 code [0x000001753175dfc0, 0x000001753175e2c0]
Event: 2903.978 Thread 0x00000175868bd470 9166       3       java.nio.charset.CharsetDecoder::implOnMalformedInput (1 bytes)
Event: 2903.978 Thread 0x00000175868bd470 nmethod 9166 0x000001753175e410 code [0x000001753175e5a0, 0x000001753175e6a8]
Event: 2903.979 Thread 0x00000175868bd470 9167       3       java.nio.charset.CharsetDecoder::onUnmappableCharacter (26 bytes)
Event: 2903.979 Thread 0x00000175868bd470 nmethod 9167 0x000001753175e710 code [0x000001753175e8c0, 0x000001753175ebc0]
Event: 2903.979 Thread 0x00000175868bd470 9168       3       java.nio.charset.CharsetDecoder::implOnUnmappableCharacter (1 bytes)
Event: 2903.979 Thread 0x00000175868bd470 nmethod 9168 0x000001753175ed10 code [0x000001753175eea0, 0x000001753175efa8]
Event: 3203.167 Thread 0x0000017543f50ed0 9169       4       java.util.concurrent.locks.LockSupport::setBlocker (12 bytes)
Event: 3203.168 Thread 0x0000017543f50ed0 nmethod 9169 0x000001753872aa10 code [0x000001753872ab80, 0x000001753872ac08]
Event: 3335.370 Thread 0x0000017543f50ed0 9170   !   4       java.lang.Object::wait (50 bytes)
Event: 3335.372 Thread 0x0000017543f50ed0 nmethod 9170 0x000001753872ad10 code [0x000001753872aee0, 0x000001753872b0a8]

GC Heap History (20 events):
Event: 62.774 GC heap before
{Heap before GC invocations=80 (full 2):
 PSYoungGen      total 6656K, used 6304K [0x00000000d5580000, 0x00000000d5d00000, 0x0000000100000000)
  eden space 5632K, 100% used [0x00000000d5580000,0x00000000d5b00000,0x00000000d5b00000)
  from space 1024K, 65% used [0x00000000d5b00000,0x00000000d5ba8000,0x00000000d5c00000)
  to   space 1024K, 0% used [0x00000000d5c00000,0x00000000d5c00000,0x00000000d5d00000)
 ParOldGen       total 89088K, used 88726K [0x0000000080000000, 0x0000000085700000, 0x00000000d5580000)
  object space 89088K, 99% used [0x0000000080000000,0x00000000856a5b80,0x0000000085700000)
 Metaspace       used 58030K, committed 59520K, reserved 1114112K
  class space    used 6756K, committed 7424K, reserved 1048576K
}
Event: 62.779 GC heap after
{Heap after GC invocations=80 (full 2):
 PSYoungGen      total 6656K, used 480K [0x00000000d5580000, 0x00000000d5d00000, 0x0000000100000000)
  eden space 5632K, 0% used [0x00000000d5580000,0x00000000d5580000,0x00000000d5b00000)
  from space 1024K, 46% used [0x00000000d5c00000,0x00000000d5c78020,0x00000000d5d00000)
  to   space 1024K, 0% used [0x00000000d5b00000,0x00000000d5b00000,0x00000000d5c00000)
 ParOldGen       total 89600K, used 89291K [0x0000000080000000, 0x0000000085780000, 0x00000000d5580000)
  object space 89600K, 99% used [0x0000000080000000,0x0000000085732ed8,0x0000000085780000)
 Metaspace       used 58030K, committed 59520K, reserved 1114112K
  class space    used 6756K, committed 7424K, reserved 1048576K
}
Event: 62.993 GC heap before
{Heap before GC invocations=81 (full 2):
 PSYoungGen      total 6656K, used 6112K [0x00000000d5580000, 0x00000000d5d00000, 0x0000000100000000)
  eden space 5632K, 99% used [0x00000000d5580000,0x00000000d5afffe8,0x00000000d5b00000)
  from space 1024K, 46% used [0x00000000d5c00000,0x00000000d5c78020,0x00000000d5d00000)
  to   space 1024K, 0% used [0x00000000d5b00000,0x00000000d5b00000,0x00000000d5c00000)
 ParOldGen       total 89600K, used 89291K [0x0000000080000000, 0x0000000085780000, 0x00000000d5580000)
  object space 89600K, 99% used [0x0000000080000000,0x0000000085732ed8,0x0000000085780000)
 Metaspace       used 58171K, committed 59648K, reserved 1114112K
  class space    used 6768K, committed 7424K, reserved 1048576K
}
Event: 62.995 GC heap after
{Heap after GC invocations=81 (full 2):
 PSYoungGen      total 6656K, used 732K [0x00000000d5580000, 0x00000000d5d00000, 0x0000000100000000)
  eden space 5632K, 0% used [0x00000000d5580000,0x00000000d5580000,0x00000000d5b00000)
  from space 1024K, 71% used [0x00000000d5b00000,0x00000000d5bb7110,0x00000000d5c00000)
  to   space 1024K, 0% used [0x00000000d5c00000,0x00000000d5c00000,0x00000000d5d00000)
 ParOldGen       total 90112K, used 89616K [0x0000000080000000, 0x0000000085800000, 0x00000000d5580000)
  object space 90112K, 99% used [0x0000000080000000,0x0000000085784398,0x0000000085800000)
 Metaspace       used 58171K, committed 59648K, reserved 1114112K
  class space    used 6768K, committed 7424K, reserved 1048576K
}
Event: 287.564 GC heap before
{Heap before GC invocations=82 (full 2):
 PSYoungGen      total 6656K, used 6364K [0x00000000d5580000, 0x00000000d5d00000, 0x0000000100000000)
  eden space 5632K, 99% used [0x00000000d5580000,0x00000000d5afffe0,0x00000000d5b00000)
  from space 1024K, 71% used [0x00000000d5b00000,0x00000000d5bb7110,0x00000000d5c00000)
  to   space 1024K, 0% used [0x00000000d5c00000,0x00000000d5c00000,0x00000000d5d00000)
 ParOldGen       total 90112K, used 89616K [0x0000000080000000, 0x0000000085800000, 0x00000000d5580000)
  object space 90112K, 99% used [0x0000000080000000,0x0000000085784398,0x0000000085800000)
 Metaspace       used 58725K, committed 60160K, reserved 1114112K
  class space    used 6846K, committed 7488K, reserved 1048576K
}
Event: 287.566 GC heap after
{Heap after GC invocations=82 (full 2):
 PSYoungGen      total 6144K, used 320K [0x00000000d5580000, 0x00000000d5c80000, 0x0000000100000000)
  eden space 5632K, 0% used [0x00000000d5580000,0x00000000d5580000,0x00000000d5b00000)
  from space 512K, 62% used [0x00000000d5c00000,0x00000000d5c50000,0x00000000d5c80000)
  to   space 512K, 0% used [0x00000000d5b80000,0x00000000d5b80000,0x00000000d5c00000)
 ParOldGen       total 90112K, used 89952K [0x0000000080000000, 0x0000000085800000, 0x00000000d5580000)
  object space 90112K, 99% used [0x0000000080000000,0x00000000857d83e8,0x0000000085800000)
 Metaspace       used 58725K, committed 60160K, reserved 1114112K
  class space    used 6846K, committed 7488K, reserved 1048576K
}
Event: 379.573 GC heap before
{Heap before GC invocations=83 (full 2):
 PSYoungGen      total 6144K, used 5952K [0x00000000d5580000, 0x00000000d5c80000, 0x0000000100000000)
  eden space 5632K, 100% used [0x00000000d5580000,0x00000000d5b00000,0x00000000d5b00000)
  from space 512K, 62% used [0x00000000d5c00000,0x00000000d5c50000,0x00000000d5c80000)
  to   space 512K, 0% used [0x00000000d5b80000,0x00000000d5b80000,0x00000000d5c00000)
 ParOldGen       total 90112K, used 89952K [0x0000000080000000, 0x0000000085800000, 0x00000000d5580000)
  object space 90112K, 99% used [0x0000000080000000,0x00000000857d83e8,0x0000000085800000)
 Metaspace       used 59228K, committed 60800K, reserved 1114112K
  class space    used 6894K, committed 7552K, reserved 1048576K
}
Event: 379.576 GC heap after
{Heap after GC invocations=83 (full 2):
 PSYoungGen      total 6144K, used 505K [0x00000000d5580000, 0x00000000d5d00000, 0x0000000100000000)
  eden space 5632K, 0% used [0x00000000d5580000,0x00000000d5580000,0x00000000d5b00000)
  from space 512K, 98% used [0x00000000d5b80000,0x00000000d5bfe470,0x00000000d5c00000)
  to   space 1024K, 0% used [0x00000000d5c00000,0x00000000d5c00000,0x00000000d5d00000)
 ParOldGen       total 90624K, used 90169K [0x0000000080000000, 0x0000000085880000, 0x00000000d5580000)
  object space 90624K, 99% used [0x0000000080000000,0x000000008580e598,0x0000000085880000)
 Metaspace       used 59228K, committed 60800K, reserved 1114112K
  class space    used 6894K, committed 7552K, reserved 1048576K
}
Event: 587.657 GC heap before
{Heap before GC invocations=84 (full 2):
 PSYoungGen      total 6144K, used 2869K [0x00000000d5580000, 0x00000000d5d00000, 0x0000000100000000)
  eden space 5632K, 41% used [0x00000000d5580000,0x00000000d57cf1b0,0x00000000d5b00000)
  from space 512K, 98% used [0x00000000d5b80000,0x00000000d5bfe470,0x00000000d5c00000)
  to   space 1024K, 0% used [0x00000000d5c00000,0x00000000d5c00000,0x00000000d5d00000)
 ParOldGen       total 90624K, used 90169K [0x0000000080000000, 0x0000000085880000, 0x00000000d5580000)
  object space 90624K, 99% used [0x0000000080000000,0x000000008580e598,0x0000000085880000)
 Metaspace       used 59333K, committed 60800K, reserved 1114112K
  class space    used 6904K, committed 7552K, reserved 1048576K
}
Event: 587.659 GC heap after
{Heap after GC invocations=84 (full 2):
 PSYoungGen      total 6144K, used 322K [0x00000000d5580000, 0x00000000d5c80000, 0x0000000100000000)
  eden space 5632K, 0% used [0x00000000d5580000,0x00000000d5580000,0x00000000d5b00000)
  from space 512K, 63% used [0x00000000d5c00000,0x00000000d5c50a80,0x00000000d5c80000)
  to   space 512K, 0% used [0x00000000d5b80000,0x00000000d5b80000,0x00000000d5c00000)
 ParOldGen       total 90624K, used 90594K [0x0000000080000000, 0x0000000085880000, 0x00000000d5580000)
  object space 90624K, 99% used [0x0000000080000000,0x0000000085878a08,0x0000000085880000)
 Metaspace       used 59333K, committed 60800K, reserved 1114112K
  class space    used 6904K, committed 7552K, reserved 1048576K
}
Event: 587.659 GC heap before
{Heap before GC invocations=85 (full 3):
 PSYoungGen      total 6144K, used 322K [0x00000000d5580000, 0x00000000d5c80000, 0x0000000100000000)
  eden space 5632K, 0% used [0x00000000d5580000,0x00000000d5580000,0x00000000d5b00000)
  from space 512K, 63% used [0x00000000d5c00000,0x00000000d5c50a80,0x00000000d5c80000)
  to   space 512K, 0% used [0x00000000d5b80000,0x00000000d5b80000,0x00000000d5c00000)
 ParOldGen       total 90624K, used 90594K [0x0000000080000000, 0x0000000085880000, 0x00000000d5580000)
  object space 90624K, 99% used [0x0000000080000000,0x0000000085878a08,0x0000000085880000)
 Metaspace       used 59333K, committed 60800K, reserved 1114112K
  class space    used 6904K, committed 7552K, reserved 1048576K
}
Event: 587.759 GC heap after
{Heap after GC invocations=85 (full 3):
 PSYoungGen      total 6144K, used 0K [0x00000000d5580000, 0x00000000d5c80000, 0x0000000100000000)
  eden space 5632K, 0% used [0x00000000d5580000,0x00000000d5580000,0x00000000d5b00000)
  from space 512K, 0% used [0x00000000d5c00000,0x00000000d5c00000,0x00000000d5c80000)
  to   space 512K, 0% used [0x00000000d5b80000,0x00000000d5b80000,0x00000000d5c00000)
 ParOldGen       total 90624K, used 67108K [0x0000000080000000, 0x0000000085880000, 0x00000000d5580000)
  object space 90624K, 74% used [0x0000000080000000,0x0000000084189220,0x0000000085880000)
 Metaspace       used 59321K, committed 60800K, reserved 1114112K
  class space    used 6901K, committed 7552K, reserved 1048576K
}
Event: 1087.225 GC heap before
{Heap before GC invocations=86 (full 3):
 PSYoungGen      total 6144K, used 5631K [0x00000000d5580000, 0x00000000d5c80000, 0x0000000100000000)
  eden space 5632K, 99% used [0x00000000d5580000,0x00000000d5affff0,0x00000000d5b00000)
  from space 512K, 0% used [0x00000000d5c00000,0x00000000d5c00000,0x00000000d5c80000)
  to   space 512K, 0% used [0x00000000d5b80000,0x00000000d5b80000,0x00000000d5c00000)
 ParOldGen       total 90624K, used 67108K [0x0000000080000000, 0x0000000085880000, 0x00000000d5580000)
  object space 90624K, 74% used [0x0000000080000000,0x0000000084189220,0x0000000085880000)
 Metaspace       used 59512K, committed 60992K, reserved 1114112K
  class space    used 6916K, committed 7552K, reserved 1048576K
}
Event: 1087.226 GC heap after
{Heap after GC invocations=86 (full 3):
 PSYoungGen      total 6144K, used 256K [0x00000000d5580000, 0x00000000d5c80000, 0x0000000100000000)
  eden space 5632K, 0% used [0x00000000d5580000,0x00000000d5580000,0x00000000d5b00000)
  from space 512K, 50% used [0x00000000d5b80000,0x00000000d5bc0000,0x00000000d5c00000)
  to   space 512K, 0% used [0x00000000d5c00000,0x00000000d5c00000,0x00000000d5c80000)
 ParOldGen       total 90624K, used 67116K [0x0000000080000000, 0x0000000085880000, 0x00000000d5580000)
  object space 90624K, 74% used [0x0000000080000000,0x000000008418b220,0x0000000085880000)
 Metaspace       used 59512K, committed 60992K, reserved 1114112K
  class space    used 6916K, committed 7552K, reserved 1048576K
}
Event: 1262.545 GC heap before
{Heap before GC invocations=87 (full 3):
 PSYoungGen      total 6144K, used 5888K [0x00000000d5580000, 0x00000000d5c80000, 0x0000000100000000)
  eden space 5632K, 100% used [0x00000000d5580000,0x00000000d5b00000,0x00000000d5b00000)
  from space 512K, 50% used [0x00000000d5b80000,0x00000000d5bc0000,0x00000000d5c00000)
  to   space 512K, 0% used [0x00000000d5c00000,0x00000000d5c00000,0x00000000d5c80000)
 ParOldGen       total 90624K, used 67116K [0x0000000080000000, 0x0000000085880000, 0x00000000d5580000)
  object space 90624K, 74% used [0x0000000080000000,0x000000008418b220,0x0000000085880000)
 Metaspace       used 59543K, committed 61056K, reserved 1114112K
  class space    used 6916K, committed 7552K, reserved 1048576K
}
Event: 1262.547 GC heap after
{Heap after GC invocations=87 (full 3):
 PSYoungGen      total 6144K, used 192K [0x00000000d5580000, 0x00000000d5c80000, 0x0000000100000000)
  eden space 5632K, 0% used [0x00000000d5580000,0x00000000d5580000,0x00000000d5b00000)
  from space 512K, 37% used [0x00000000d5c00000,0x00000000d5c30000,0x00000000d5c80000)
  to   space 512K, 0% used [0x00000000d5b80000,0x00000000d5b80000,0x00000000d5c00000)
 ParOldGen       total 90624K, used 67180K [0x0000000080000000, 0x0000000085880000, 0x00000000d5580000)
  object space 90624K, 74% used [0x0000000080000000,0x000000008419b220,0x0000000085880000)
 Metaspace       used 59543K, committed 61056K, reserved 1114112K
  class space    used 6916K, committed 7552K, reserved 1048576K
}
Event: 1520.331 GC heap before
{Heap before GC invocations=88 (full 3):
 PSYoungGen      total 6144K, used 5824K [0x00000000d5580000, 0x00000000d5c80000, 0x0000000100000000)
  eden space 5632K, 100% used [0x00000000d5580000,0x00000000d5b00000,0x00000000d5b00000)
  from space 512K, 37% used [0x00000000d5c00000,0x00000000d5c30000,0x00000000d5c80000)
  to   space 512K, 0% used [0x00000000d5b80000,0x00000000d5b80000,0x00000000d5c00000)
 ParOldGen       total 90624K, used 67180K [0x0000000080000000, 0x0000000085880000, 0x00000000d5580000)
  object space 90624K, 74% used [0x0000000080000000,0x000000008419b220,0x0000000085880000)
 Metaspace       used 59579K, committed 61056K, reserved 1114112K
  class space    used 6916K, committed 7552K, reserved 1048576K
}
Event: 1520.332 GC heap after
{Heap after GC invocations=88 (full 3):
 PSYoungGen      total 6144K, used 192K [0x00000000d5580000, 0x00000000d5c80000, 0x0000000100000000)
  eden space 5632K, 0% used [0x00000000d5580000,0x00000000d5580000,0x00000000d5b00000)
  from space 512K, 37% used [0x00000000d5b80000,0x00000000d5bb0000,0x00000000d5c00000)
  to   space 512K, 0% used [0x00000000d5c00000,0x00000000d5c00000,0x00000000d5c80000)
 ParOldGen       total 90624K, used 67204K [0x0000000080000000, 0x0000000085880000, 0x00000000d5580000)
  object space 90624K, 74% used [0x0000000080000000,0x00000000841a1220,0x0000000085880000)
 Metaspace       used 59579K, committed 61056K, reserved 1114112K
  class space    used 6916K, committed 7552K, reserved 1048576K
}
Event: 2285.381 GC heap before
{Heap before GC invocations=89 (full 3):
 PSYoungGen      total 6144K, used 5824K [0x00000000d5580000, 0x00000000d5c80000, 0x0000000100000000)
  eden space 5632K, 100% used [0x00000000d5580000,0x00000000d5b00000,0x00000000d5b00000)
  from space 512K, 37% used [0x00000000d5b80000,0x00000000d5bb0000,0x00000000d5c00000)
  to   space 512K, 0% used [0x00000000d5c00000,0x00000000d5c00000,0x00000000d5c80000)
 ParOldGen       total 90624K, used 67204K [0x0000000080000000, 0x0000000085880000, 0x00000000d5580000)
  object space 90624K, 74% used [0x0000000080000000,0x00000000841a1220,0x0000000085880000)
 Metaspace       used 59632K, committed 61056K, reserved 1114112K
  class space    used 6916K, committed 7552K, reserved 1048576K
}
Event: 2285.384 GC heap after
{Heap after GC invocations=89 (full 3):
 PSYoungGen      total 6144K, used 256K [0x00000000d5580000, 0x00000000d5c80000, 0x0000000100000000)
  eden space 5632K, 0% used [0x00000000d5580000,0x00000000d5580000,0x00000000d5b00000)
  from space 512K, 50% used [0x00000000d5c00000,0x00000000d5c40000,0x00000000d5c80000)
  to   space 512K, 0% used [0x00000000d5b80000,0x00000000d5b80000,0x00000000d5c00000)
 ParOldGen       total 90624K, used 67260K [0x0000000080000000, 0x0000000085880000, 0x00000000d5580000)
  object space 90624K, 74% used [0x0000000080000000,0x00000000841af220,0x0000000085880000)
 Metaspace       used 59632K, committed 61056K, reserved 1114112K
  class space    used 6916K, committed 7552K, reserved 1048576K
}

Dll operation events (13 events):
Event: 0.014 Loaded shared library c:\Users\dell\.vscode\extensions\redhat.java-1.46.0-win32-x64\jre\21.0.8-win32-x86_64\bin\java.dll
Event: 0.141 Loaded shared library c:\Users\dell\.vscode\extensions\redhat.java-1.46.0-win32-x64\jre\21.0.8-win32-x86_64\bin\zip.dll
Event: 0.183 Loaded shared library C:\Users\dell\.vscode\extensions\redhat.java-1.46.0-win32-x64\jre\21.0.8-win32-x86_64\bin\instrument.dll
Event: 0.191 Loaded shared library C:\Users\dell\.vscode\extensions\redhat.java-1.46.0-win32-x64\jre\21.0.8-win32-x86_64\bin\net.dll
Event: 0.194 Loaded shared library C:\Users\dell\.vscode\extensions\redhat.java-1.46.0-win32-x64\jre\21.0.8-win32-x86_64\bin\nio.dll
Event: 0.200 Loaded shared library C:\Users\dell\.vscode\extensions\redhat.java-1.46.0-win32-x64\jre\21.0.8-win32-x86_64\bin\zip.dll
Event: 0.238 Loaded shared library C:\Users\dell\.vscode\extensions\redhat.java-1.46.0-win32-x64\jre\21.0.8-win32-x86_64\bin\jimage.dll
Event: 0.341 Loaded shared library c:\Users\dell\.vscode\extensions\redhat.java-1.46.0-win32-x64\jre\21.0.8-win32-x86_64\bin\verify.dll
Event: 6.270 Loaded shared library C:\Users\dell\AppData\Roaming\Code\User\globalStorage\redhat.java\1.46.0\config_win\org.eclipse.equinox.launcher\org.eclipse.equinox.launcher.win32.win32.x86_64_1.2.1400.v20250801-0854\eclipse_11916.dll
Event: 18.879 Loaded shared library C:\Users\dell\AppData\Local\Temp\jna-3079617\jna17012388772617107402.dll
Event: 45.326 Loaded shared library C:\Users\dell\.gradle\native\68d5fa5c4cc2d200863cafc0d521ce42e7d3e7ee720ec0a83991735586a16f82\windows-amd64\native-platform.dll
Event: 58.864 Loaded shared library C:\Users\dell\.vscode\extensions\redhat.java-1.46.0-win32-x64\jre\21.0.8-win32-x86_64\bin\management.dll
Event: 58.870 Loaded shared library C:\Users\dell\.vscode\extensions\redhat.java-1.46.0-win32-x64\jre\21.0.8-win32-x86_64\bin\management_ext.dll

Deoptimization events (20 events):
Event: 587.789 Thread 0x000001758b846e80 DEOPT PACKING pc=0x000001753854d7b4 sp=0x00000029c9cfef20
Event: 587.789 Thread 0x000001758b846e80 DEOPT UNPACKING pc=0x0000017537c53aa2 sp=0x00000029c9cfee50 mode 2
Event: 587.789 Thread 0x000001758b846e80 Uncommon trap: trap_request=0xffffffc6 fr.pc=0x00000175385547a4 relative=0x0000000000000a84
Event: 587.789 Thread 0x000001758b846e80 Uncommon trap: reason=bimorphic_or_optimized_type_check action=maybe_recompile pc=0x00000175385547a4 method=java.io.DataOutputStream.writeInt(I)V @ 19 c2
Event: 587.789 Thread 0x000001758b846e80 DEOPT PACKING pc=0x00000175385547a4 sp=0x00000029c9cfe7e0
Event: 587.789 Thread 0x000001758b846e80 DEOPT UNPACKING pc=0x0000017537c53aa2 sp=0x00000029c9cfe7d8 mode 2
Event: 587.789 Thread 0x000001758b846e80 Uncommon trap: trap_request=0xffffffc6 fr.pc=0x00000175385547a4 relative=0x0000000000000a84
Event: 587.789 Thread 0x000001758b846e80 Uncommon trap: reason=bimorphic_or_optimized_type_check action=maybe_recompile pc=0x00000175385547a4 method=java.io.DataOutputStream.writeInt(I)V @ 19 c2
Event: 587.789 Thread 0x000001758b846e80 DEOPT PACKING pc=0x00000175385547a4 sp=0x00000029c9cfe780
Event: 587.789 Thread 0x000001758b846e80 DEOPT UNPACKING pc=0x0000017537c53aa2 sp=0x00000029c9cfe778 mode 2
Event: 587.790 Thread 0x000001758b846e80 Uncommon trap: trap_request=0xffffff45 fr.pc=0x000001753835bd60 relative=0x00000000000001c0
Event: 587.790 Thread 0x000001758b846e80 Uncommon trap: reason=unstable_if action=reinterpret pc=0x000001753835bd60 method=jdk.internal.org.objectweb.asm.Frame.push(I)V @ 26 c2
Event: 587.790 Thread 0x000001758b846e80 DEOPT PACKING pc=0x000001753835bd60 sp=0x00000029c9cfd850
Event: 587.790 Thread 0x000001758b846e80 DEOPT UNPACKING pc=0x0000017537c53aa2 sp=0x00000029c9cfd7d8 mode 2
Event: 940.754 Thread 0x000001758e4b55f0 DEOPT PACKING pc=0x00000175316a18c1 sp=0x00000029ca7fe7f0
Event: 940.754 Thread 0x000001758e4b55f0 DEOPT UNPACKING pc=0x0000017537c54242 sp=0x00000029ca7fdcd0 mode 0
Event: 1220.543 Thread 0x000001758b848f50 Uncommon trap: trap_request=0xffffff45 fr.pc=0x00000175386e9130 relative=0x00000000000009d0
Event: 1220.543 Thread 0x000001758b848f50 Uncommon trap: reason=unstable_if action=reinterpret pc=0x00000175386e9130 method=org.eclipse.core.internal.utils.StringPool.add(Ljava/lang/String;)Ljava/lang/String; @ 1 c2
Event: 1220.543 Thread 0x000001758b848f50 DEOPT PACKING pc=0x00000175386e9130 sp=0x00000029c93ff060
Event: 1220.543 Thread 0x000001758b848f50 DEOPT UNPACKING pc=0x0000017537c53aa2 sp=0x00000029c93ff028 mode 2

Classes loaded (20 events):
Event: 587.651 Loading class java/util/stream/Nodes$CollectorTask$OfRef
Event: 587.652 Loading class java/util/stream/Nodes$CollectorTask
Event: 587.653 Loading class java/util/stream/Nodes$CollectorTask done
Event: 587.653 Loading class java/util/stream/Nodes$CollectorTask$OfRef done
Event: 587.653 Loading class java/util/function/LongFunction
Event: 587.653 Loading class java/util/function/LongFunction done
Event: 587.653 Loading class java/util/stream/Nodes$ConcNode
Event: 587.654 Loading class java/util/stream/Nodes$AbstractConcNode
Event: 587.654 Loading class java/util/stream/Nodes$AbstractConcNode done
Event: 587.654 Loading class java/util/stream/Nodes$ConcNode done
Event: 587.780 Loading class java/util/stream/Nodes$ToArrayTask$OfRef
Event: 587.780 Loading class java/util/stream/Nodes$ToArrayTask
Event: 587.780 Loading class java/util/stream/Nodes$ToArrayTask done
Event: 587.780 Loading class java/util/stream/Nodes$ToArrayTask$OfRef done
Event: 587.782 Loading class java/io/ObjectOutputStream$BlockDataOutputStream
Event: 587.783 Loading class java/io/ObjectOutputStream$BlockDataOutputStream done
Event: 587.783 Loading class java/io/ObjectOutputStream$HandleTable
Event: 587.783 Loading class java/io/ObjectOutputStream$HandleTable done
Event: 587.783 Loading class java/io/ObjectOutputStream$ReplaceTable
Event: 587.783 Loading class java/io/ObjectOutputStream$ReplaceTable done

Classes unloaded (13 events):
Event: 21.079 Thread 0x0000017543f42650 Unloading class 0x00000175451acc00 'java/lang/invoke/LambdaForm$MH+0x00000175451acc00'
Event: 21.079 Thread 0x0000017543f42650 Unloading class 0x00000175451ac800 'java/lang/invoke/LambdaForm$MH+0x00000175451ac800'
Event: 21.079 Thread 0x0000017543f42650 Unloading class 0x00000175451ac400 'java/lang/invoke/LambdaForm$MH+0x00000175451ac400'
Event: 21.079 Thread 0x0000017543f42650 Unloading class 0x00000175451ac000 'java/lang/invoke/LambdaForm$MH+0x00000175451ac000'
Event: 21.079 Thread 0x0000017543f42650 Unloading class 0x00000175451abc00 'java/lang/invoke/LambdaForm$BMH+0x00000175451abc00'
Event: 21.079 Thread 0x0000017543f42650 Unloading class 0x00000175451ab800 'java/lang/invoke/LambdaForm$DMH+0x00000175451ab800'
Event: 21.079 Thread 0x0000017543f42650 Unloading class 0x00000175451aa400 'java/lang/invoke/LambdaForm$DMH+0x00000175451aa400'
Event: 587.680 Thread 0x0000017543f42650 Unloading class 0x0000017545716c00 'java/lang/invoke/LambdaForm$MH+0x0000017545716c00'
Event: 587.680 Thread 0x0000017543f42650 Unloading class 0x0000017545716000 'java/lang/invoke/LambdaForm$MH+0x0000017545716000'
Event: 587.680 Thread 0x0000017543f42650 Unloading class 0x0000017545715800 'java/lang/invoke/LambdaForm$MH+0x0000017545715800'
Event: 587.680 Thread 0x0000017543f42650 Unloading class 0x0000017545715400 'java/lang/invoke/LambdaForm$MH+0x0000017545715400'
Event: 587.680 Thread 0x0000017543f42650 Unloading class 0x0000017545714c00 'java/lang/invoke/LambdaForm$MH+0x0000017545714c00'
Event: 587.680 Thread 0x0000017543f42650 Unloading class 0x0000017545714400 'java/lang/invoke/LambdaForm$MH+0x0000017545714400'

Classes redefined (0 events):
No events

Internal exceptions (20 events):
Event: 287.571 Thread 0x000001758e4b55f0 Exception <a 'java/io/FileNotFoundException'{0x00000000d55e1350}> (0x00000000d55e1350) 
thrown [s\src\hotspot\share\prims\jni.cpp, line 520]
Event: 287.571 Thread 0x000001758e4b55f0 Exception <a 'java/io/FileNotFoundException'{0x00000000d55e2360}> (0x00000000d55e2360) 
thrown [s\src\hotspot\share\prims\jni.cpp, line 520]
Event: 287.706 Thread 0x000001758b848f50 Exception <a 'java/io/FileNotFoundException'{0x00000000d57076f8}> (0x00000000d57076f8) 
thrown [s\src\hotspot\share\prims\jni.cpp, line 520]
Event: 287.706 Thread 0x000001758b848f50 Exception <a 'java/io/FileNotFoundException'{0x00000000d57089b0}> (0x00000000d57089b0) 
thrown [s\src\hotspot\share\prims\jni.cpp, line 520]
Event: 287.706 Thread 0x000001758b848f50 Exception <a 'java/io/FileNotFoundException'{0x00000000d57099c0}> (0x00000000d57099c0) 
thrown [s\src\hotspot\share\prims\jni.cpp, line 520]
Event: 587.774 Thread 0x000001758b846e80 Exception <a 'sun/nio/fs/WindowsException'{0x00000000d55e2788}> (0x00000000d55e2788) 
thrown [s\src\hotspot\share\prims\jni.cpp, line 520]
Event: 587.774 Thread 0x000001758b846e80 Exception <a 'sun/nio/fs/WindowsException'{0x00000000d55e33d8}> (0x00000000d55e33d8) 
thrown [s\src\hotspot\share\prims\jni.cpp, line 520]
Event: 587.775 Thread 0x000001758b846e80 Exception <a 'sun/nio/fs/WindowsException'{0x00000000d55e5720}> (0x00000000d55e5720) 
thrown [s\src\hotspot\share\prims\jni.cpp, line 520]
Event: 587.775 Thread 0x000001758b846e80 Exception <a 'sun/nio/fs/WindowsException'{0x00000000d55e6348}> (0x00000000d55e6348) 
thrown [s\src\hotspot\share\prims\jni.cpp, line 520]
Event: 587.777 Thread 0x000001758b846e80 Implicit null exception at 0x00000175386f6409 to 0x00000175386f66bc
Event: 587.791 Thread 0x000001758b846e80 Exception <a 'java/lang/NoSuchMethodError'{0x00000000d5683890}: 'java.lang.Object java.lang.invoke.DirectMethodHandle$Holder.newInvokeSpecial(java.lang.Object, java.lang.Object, java.lang.Object, java.lang.Object, java.lang.Object, java.lang.Object, java.lang.Object, java.lang.Object)'> (0x00000000d5683890) 
thrown [s\src\hotspot\share\interpreter\linkResolver.cpp, line 773]
Event: 1220.543 Thread 0x000001758b848f50 Implicit null exception at 0x00000175386e87a4 to 0x00000175386e9120
Event: 1707.657 Thread 0x000001758b846e80 Exception <a 'sun/nio/fs/WindowsException'{0x00000000d592e758}> (0x00000000d592e758) 
thrown [s\src\hotspot\share\prims\jni.cpp, line 520]
Event: 1707.657 Thread 0x000001758b846e80 Exception <a 'sun/nio/fs/WindowsException'{0x00000000d592f120}> (0x00000000d592f120) 
thrown [s\src\hotspot\share\prims\jni.cpp, line 520]
Event: 1707.659 Thread 0x000001758b846e80 Exception <a 'sun/nio/fs/WindowsException'{0x00000000d59311c0}> (0x00000000d59311c0) 
thrown [s\src\hotspot\share\prims\jni.cpp, line 520]
Event: 1707.659 Thread 0x000001758b846e80 Exception <a 'sun/nio/fs/WindowsException'{0x00000000d5931dd0}> (0x00000000d5931dd0) 
thrown [s\src\hotspot\share\prims\jni.cpp, line 520]
Event: 2846.477 Thread 0x000001758b846e80 Exception <a 'sun/nio/fs/WindowsException'{0x00000000d598d450}> (0x00000000d598d450) 
thrown [s\src\hotspot\share\prims\jni.cpp, line 520]
Event: 2846.477 Thread 0x000001758b846e80 Exception <a 'sun/nio/fs/WindowsException'{0x00000000d598de18}> (0x00000000d598de18) 
thrown [s\src\hotspot\share\prims\jni.cpp, line 520]
Event: 2846.478 Thread 0x000001758b846e80 Exception <a 'sun/nio/fs/WindowsException'{0x00000000d598fc50}> (0x00000000d598fc50) 
thrown [s\src\hotspot\share\prims\jni.cpp, line 520]
Event: 2846.478 Thread 0x000001758b846e80 Exception <a 'sun/nio/fs/WindowsException'{0x00000000d5990618}> (0x00000000d5990618) 
thrown [s\src\hotspot\share\prims\jni.cpp, line 520]

ZGC Phase Switch (0 events):
No events

VM Operations (20 events):
Event: 2755.308 Executing VM operation: Cleanup
Event: 2755.308 Executing VM operation: Cleanup done
Event: 2799.330 Executing VM operation: Cleanup
Event: 2799.330 Executing VM operation: Cleanup done
Event: 2830.346 Executing VM operation: Cleanup
Event: 2830.346 Executing VM operation: Cleanup done
Event: 2847.357 Executing VM operation: Cleanup
Event: 2847.357 Executing VM operation: Cleanup done
Event: 2887.084 Executing VM operation: HandshakeAllThreads (HandshakeForDeflation)
Event: 2887.084 Executing VM operation: HandshakeAllThreads (HandshakeForDeflation) done
Event: 2887.084 Executing VM operation: RendezvousGCThreads
Event: 2887.084 Executing VM operation: RendezvousGCThreads done
Event: 3067.642 Executing VM operation: HandshakeAllThreads (HandshakeForDeflation)
Event: 3067.642 Executing VM operation: HandshakeAllThreads (HandshakeForDeflation) done
Event: 3067.642 Executing VM operation: RendezvousGCThreads
Event: 3067.642 Executing VM operation: RendezvousGCThreads done
Event: 3127.766 Executing VM operation: HandshakeAllThreads (HandshakeForDeflation)
Event: 3127.767 Executing VM operation: HandshakeAllThreads (HandshakeForDeflation) done
Event: 3127.767 Executing VM operation: RendezvousGCThreads
Event: 3127.767 Executing VM operation: RendezvousGCThreads done

Memory protections (0 events):
No events

Nmethod flushes (20 events):
Event: 587.694 Thread 0x0000017543f42650 flushing  nmethod 0x0000017531011590
Event: 587.694 Thread 0x0000017543f42650 flushing  nmethod 0x0000017531011f10
Event: 587.694 Thread 0x0000017543f42650 flushing  nmethod 0x0000017531012610
Event: 587.694 Thread 0x0000017543f42650 flushing  nmethod 0x0000017531019510
Event: 587.694 Thread 0x0000017543f42650 flushing  nmethod 0x0000017531019a90
Event: 587.694 Thread 0x0000017543f42650 flushing  nmethod 0x0000017531019e90
Event: 587.694 Thread 0x0000017543f42650 flushing  nmethod 0x000001753101b510
Event: 587.694 Thread 0x0000017543f42650 flushing  nmethod 0x000001753101b910
Event: 587.694 Thread 0x0000017543f42650 flushing  nmethod 0x000001753101bd90
Event: 587.694 Thread 0x0000017543f42650 flushing  nmethod 0x000001753101c390
Event: 587.694 Thread 0x0000017543f42650 flushing  nmethod 0x000001753101c990
Event: 587.694 Thread 0x0000017543f42650 flushing  nmethod 0x000001753107a710
Event: 587.694 Thread 0x0000017543f42650 flushing  nmethod 0x000001753107ae10
Event: 587.694 Thread 0x0000017543f42650 flushing  nmethod 0x000001753107b210
Event: 587.694 Thread 0x0000017543f42650 flushing  nmethod 0x000001753107b610
Event: 587.694 Thread 0x0000017543f42650 flushing  nmethod 0x000001753107c110
Event: 587.694 Thread 0x0000017543f42650 flushing  nmethod 0x0000017531082e90
Event: 587.694 Thread 0x0000017543f42650 flushing  nmethod 0x0000017531086610
Event: 587.694 Thread 0x0000017543f42650 flushing  nmethod 0x0000017531088410
Event: 587.694 Thread 0x0000017543f42650 flushing  nmethod 0x0000017531089e90

Events (20 events):
Event: 1707.654 Thread 0x000001758b846e80 Thread added: 0x000001758da77fb0
Event: 1707.655 Thread 0x000001758da77fb0 Thread exited: 0x000001758da77fb0
Event: 1707.665 Thread 0x000001758b846e80 Thread added: 0x000001758da79360
Event: 1707.666 Thread 0x000001758da79360 Thread added: 0x000001758da77fb0
Event: 1707.666 Thread 0x000001758da77fb0 Thread added: 0x000001758da76c00
Event: 1707.666 Thread 0x000001758da79360 Thread added: 0x000001758da78640
Event: 1707.666 Thread 0x000001758da78640 Thread exited: 0x000001758da78640
Event: 1707.666 Thread 0x000001758da79360 Thread exited: 0x000001758da79360
Event: 1707.666 Thread 0x000001758da76c00 Thread exited: 0x000001758da76c00
Event: 1707.666 Thread 0x000001758da77fb0 Thread exited: 0x000001758da77fb0
Event: 1707.682 Thread 0x00000175868bd470 Thread added: 0x0000017586c6f740
Event: 1712.785 Thread 0x0000017586c6f740 Thread exited: 0x0000017586c6f740
Event: 2846.476 Thread 0x000001758b846e80 Thread added: 0x000001758da78cd0
Event: 2846.476 Thread 0x000001758da78cd0 Thread exited: 0x000001758da78cd0
Event: 2846.480 Thread 0x000001758b846e80 Thread added: 0x000001758da76570
Event: 2846.480 Thread 0x000001758da76570 Thread added: 0x000001758da78cd0
Event: 2846.480 Thread 0x000001758da76570 Thread added: 0x000001758da77fb0
Event: 2846.481 Thread 0x000001758da77fb0 Thread exited: 0x000001758da77fb0
Event: 2846.481 Thread 0x000001758da76570 Thread exited: 0x000001758da76570
Event: 2846.481 Thread 0x000001758da78cd0 Thread exited: 0x000001758da78cd0


Dynamic libraries:
0x00007ff764b80000 - 0x00007ff764b8e000 	c:\Users\dell\.vscode\extensions\redhat.java-1.46.0-win32-x64\jre\21.0.8-win32-x86_64\bin\java.exe
0x00007ffc47a20000 - 0x00007ffc47c88000 	C:\WINDOWS\SYSTEM32\ntdll.dll
0x00007ffc457f0000 - 0x00007ffc458b9000 	C:\WINDOWS\System32\KERNEL32.DLL
0x00007ffc45100000 - 0x00007ffc454f2000 	C:\WINDOWS\System32\KERNELBASE.dll
0x00007ffc44bb0000 - 0x00007ffc44cfb000 	C:\WINDOWS\System32\ucrtbase.dll
0x00007ffc3ea90000 - 0x00007ffc3eaae000 	c:\Users\dell\.vscode\extensions\redhat.java-1.46.0-win32-x64\jre\21.0.8-win32-x86_64\bin\VCRUNTIME140.dll
0x00007ffc3e860000 - 0x00007ffc3e878000 	c:\Users\dell\.vscode\extensions\redhat.java-1.46.0-win32-x64\jre\21.0.8-win32-x86_64\bin\jli.dll
0x00007ffc46ab0000 - 0x00007ffc46c75000 	C:\WINDOWS\System32\USER32.dll
0x00007ffc2e950000 - 0x00007ffc2ebe3000 	C:\WINDOWS\WinSxS\amd64_microsoft.windows.common-controls_6595b64144ccf1df_6.0.26100.6899_none_3e0efeeae32e88c1\COMCTL32.dll
0x00007ffc45030000 - 0x00007ffc45057000 	C:\WINDOWS\System32\win32u.dll
0x00007ffc466e0000 - 0x00007ffc46789000 	C:\WINDOWS\System32\msvcrt.dll
0x00007ffc47490000 - 0x00007ffc474bb000 	C:\WINDOWS\System32\GDI32.dll
0x00007ffc44d00000 - 0x00007ffc44e2d000 	C:\WINDOWS\System32\gdi32full.dll
0x00007ffc45500000 - 0x00007ffc455a3000 	C:\WINDOWS\System32\msvcp_win.dll
0x00007ffc467f0000 - 0x00007ffc4681f000 	C:\WINDOWS\System32\IMM32.DLL
0x00007ffc3ea80000 - 0x00007ffc3ea8c000 	c:\Users\dell\.vscode\extensions\redhat.java-1.46.0-win32-x64\jre\21.0.8-win32-x86_64\bin\vcruntime140_1.dll
0x00007ffc3aa20000 - 0x00007ffc3aaad000 	c:\Users\dell\.vscode\extensions\redhat.java-1.46.0-win32-x64\jre\21.0.8-win32-x86_64\bin\msvcp140.dll
0x00007ffbeaf30000 - 0x00007ffbebcc7000 	c:\Users\dell\.vscode\extensions\redhat.java-1.46.0-win32-x64\jre\21.0.8-win32-x86_64\bin\server\jvm.dll
0x00007ffc458d0000 - 0x00007ffc45984000 	C:\WINDOWS\System32\ADVAPI32.dll
0x00007ffc46560000 - 0x00007ffc46606000 	C:\WINDOWS\System32\sechost.dll
0x00007ffc478c0000 - 0x00007ffc479d8000 	C:\WINDOWS\System32\RPCRT4.dll
0x00007ffc474c0000 - 0x00007ffc47534000 	C:\WINDOWS\System32\WS2_32.dll
0x00007ffc44a10000 - 0x00007ffc44a6e000 	C:\WINDOWS\SYSTEM32\POWRPROF.dll
0x00007ffc32370000 - 0x00007ffc323a5000 	C:\WINDOWS\SYSTEM32\WINMM.dll
0x00007ffc35240000 - 0x00007ffc3524b000 	C:\WINDOWS\SYSTEM32\VERSION.dll
0x00007ffc449f0000 - 0x00007ffc44a04000 	C:\WINDOWS\SYSTEM32\UMPDC.dll
0x00007ffc43980000 - 0x00007ffc4399b000 	C:\WINDOWS\SYSTEM32\kernel.appcore.dll
0x00007ffc3e850000 - 0x00007ffc3e85a000 	c:\Users\dell\.vscode\extensions\redhat.java-1.46.0-win32-x64\jre\21.0.8-win32-x86_64\bin\jimage.dll
0x00007ffc416a0000 - 0x00007ffc418e2000 	C:\WINDOWS\SYSTEM32\DBGHELP.DLL
0x00007ffc47540000 - 0x00007ffc478bb000 	C:\WINDOWS\System32\combase.dll
0x00007ffc46830000 - 0x00007ffc46907000 	C:\WINDOWS\System32\OLEAUT32.dll
0x00007ffc3ed90000 - 0x00007ffc3edcc000 	C:\WINDOWS\SYSTEM32\dbgcore.DLL
0x00007ffc45060000 - 0x00007ffc450f8000 	C:\WINDOWS\System32\bcryptPrimitives.dll
0x00007ffc31ad0000 - 0x00007ffc31adf000 	c:\Users\dell\.vscode\extensions\redhat.java-1.46.0-win32-x64\jre\21.0.8-win32-x86_64\bin\instrument.dll
0x00007ffc3a980000 - 0x00007ffc3a99f000 	c:\Users\dell\.vscode\extensions\redhat.java-1.46.0-win32-x64\jre\21.0.8-win32-x86_64\bin\java.dll
0x00007ffc45d50000 - 0x00007ffc4649d000 	C:\WINDOWS\System32\SHELL32.dll
0x00007ffc44e30000 - 0x00007ffc44f9b000 	C:\WINDOWS\System32\wintypes.dll
0x00007ffc42840000 - 0x00007ffc4309d000 	C:\WINDOWS\SYSTEM32\windows.storage.dll
0x00007ffc45c50000 - 0x00007ffc45d42000 	C:\WINDOWS\System32\SHCORE.dll
0x00007ffc459b0000 - 0x00007ffc45a12000 	C:\WINDOWS\System32\shlwapi.dll
0x00007ffc44ad0000 - 0x00007ffc44af9000 	C:\WINDOWS\SYSTEM32\profapi.dll
0x00007ffc39980000 - 0x00007ffc39998000 	c:\Users\dell\.vscode\extensions\redhat.java-1.46.0-win32-x64\jre\21.0.8-win32-x86_64\bin\zip.dll
0x00007ffc31c50000 - 0x00007ffc31c60000 	C:\Users\dell\.vscode\extensions\redhat.java-1.46.0-win32-x64\jre\21.0.8-win32-x86_64\bin\net.dll
0x00007ffc39d70000 - 0x00007ffc39e8f000 	C:\WINDOWS\SYSTEM32\WINHTTP.dll
0x00007ffc43ef0000 - 0x00007ffc43f5b000 	C:\WINDOWS\system32\mswsock.dll
0x00007ffc31bb0000 - 0x00007ffc31bc6000 	C:\Users\dell\.vscode\extensions\redhat.java-1.46.0-win32-x64\jre\21.0.8-win32-x86_64\bin\nio.dll
0x00007ffc31ac0000 - 0x00007ffc31ad0000 	c:\Users\dell\.vscode\extensions\redhat.java-1.46.0-win32-x64\jre\21.0.8-win32-x86_64\bin\verify.dll
0x00007ffc10530000 - 0x00007ffc10574000 	C:\Users\dell\AppData\Roaming\Code\User\globalStorage\redhat.java\1.46.0\config_win\org.eclipse.equinox.launcher\org.eclipse.equinox.launcher.win32.win32.x86_64_1.2.1400.v20250801-0854\eclipse_11916.dll
0x00007ffc45ab0000 - 0x00007ffc45c48000 	C:\WINDOWS\System32\ole32.dll
0x00007ffc441a0000 - 0x00007ffc441bb000 	C:\WINDOWS\SYSTEM32\CRYPTSP.dll
0x00007ffc438e0000 - 0x00007ffc4391b000 	C:\WINDOWS\system32\rsaenh.dll
0x00007ffc43f90000 - 0x00007ffc43fbb000 	C:\WINDOWS\SYSTEM32\USERENV.dll
0x00007ffc44aa0000 - 0x00007ffc44ac6000 	C:\WINDOWS\SYSTEM32\bcrypt.dll
0x00007ffc441c0000 - 0x00007ffc441cc000 	C:\WINDOWS\SYSTEM32\CRYPTBASE.dll
0x00007ffc433a0000 - 0x00007ffc433d4000 	C:\WINDOWS\SYSTEM32\IPHLPAPI.DLL
0x00007ffc46940000 - 0x00007ffc4694a000 	C:\WINDOWS\System32\NSI.dll
0x00007ffbf65b0000 - 0x00007ffbf65f9000 	C:\Users\dell\AppData\Local\Temp\jna-3079617\jna17012388772617107402.dll
0x00007ffc46ee0000 - 0x00007ffc46ee8000 	C:\WINDOWS\System32\PSAPI.DLL
0x00007ffc39f80000 - 0x00007ffc39f9e000 	C:\WINDOWS\SYSTEM32\dhcpcsvc6.DLL
0x00007ffc39b00000 - 0x00007ffc39b23000 	C:\WINDOWS\SYSTEM32\dhcpcsvc.DLL
0x00007ffbf4a20000 - 0x00007ffbf4a47000 	C:\Users\dell\.gradle\native\68d5fa5c4cc2d200863cafc0d521ce42e7d3e7ee720ec0a83991735586a16f82\windows-amd64\native-platform.dll
0x00007ffc3eae0000 - 0x00007ffc3eaea000 	C:\Users\dell\.vscode\extensions\redhat.java-1.46.0-win32-x64\jre\21.0.8-win32-x86_64\bin\management.dll
0x00007ffc3ead0000 - 0x00007ffc3eadb000 	C:\Users\dell\.vscode\extensions\redhat.java-1.46.0-win32-x64\jre\21.0.8-win32-x86_64\bin\management_ext.dll

JVMTI agents:
c:\Users\dell\.vscode\extensions\redhat.java-1.46.0-win32-x64\lombok\lombok-1.18.39-4050.jar path:c:\Users\dell\.vscode\extensions\redhat.java-1.46.0-win32-x64\jre\21.0.8-win32-x86_64\bin\instrument.dll, loaded, initialized, instrumentlib options:none

dbghelp: loaded successfully - version: 4.0.5 - missing functions: none
symbol engine: initialized successfully - sym options: 0x614 - pdb path: .;c:\Users\dell\.vscode\extensions\redhat.java-1.46.0-win32-x64\jre\21.0.8-win32-x86_64\bin;C:\WINDOWS\SYSTEM32;C:\WINDOWS\WinSxS\amd64_microsoft.windows.common-controls_6595b64144ccf1df_6.0.26100.6899_none_3e0efeeae32e88c1;c:\Users\dell\.vscode\extensions\redhat.java-1.46.0-win32-x64\jre\21.0.8-win32-x86_64\bin\server;C:\Users\dell\AppData\Roaming\Code\User\globalStorage\redhat.java\1.46.0\config_win\org.eclipse.equinox.launcher\org.eclipse.equinox.launcher.win32.win32.x86_64_1.2.1400.v20250801-0854;C:\Users\dell\AppData\Local\Temp\jna-3079617;C:\Users\dell\.gradle\native\68d5fa5c4cc2d200863cafc0d521ce42e7d3e7ee720ec0a83991735586a16f82\windows-amd64

VM Arguments:
jvm_args: --add-modules=ALL-SYSTEM --add-opens=java.base/java.util=ALL-UNNAMED --add-opens=java.base/java.lang=ALL-UNNAMED --add-opens=java.base/sun.nio.fs=ALL-UNNAMED -Declipse.application=org.eclipse.jdt.ls.core.id1 -Dosgi.bundles.defaultStartLevel=4 -Declipse.product=org.eclipse.jdt.ls.core.product -Djava.import.generatesMetadataFilesAtProjectRoot=false -DDetectVMInstallationsJob.disabled=true -Dfile.encoding=utf8 -XX:+UseParallelGC -XX:GCTimeRatio=4 -XX:AdaptiveSizePolicyWeight=90 -Dsun.zip.disableMemoryMapping=true -Xmx2G -Xms100m -Xlog:disable -javaagent:c:\Users\dell\.vscode\extensions\redhat.java-1.46.0-win32-x64\lombok\lombok-1.18.39-4050.jar -XX:+HeapDumpOnOutOfMemoryError -XX:HeapDumpPath=c:\Users\dell\AppData\Roaming\Code\User\workspaceStorage\0f34f62164e525c3dc22d11452f6a745\redhat.java -Daether.dependencyCollector.impl=bf 
java_command: c:\Users\dell\.vscode\extensions\redhat.java-1.46.0-win32-x64\server\plugins\org.eclipse.equinox.launcher_1.7.0.v20250519-0528.jar -configuration c:\Users\dell\AppData\Roaming\Code\User\globalStorage\redhat.java\1.46.0\config_win -data c:\Users\dell\AppData\Roaming\Code\User\workspaceStorage\0f34f62164e525c3dc22d11452f6a745\redhat.java\jdt_ws --pipe=\\.\pipe\lsp-26e9854910fa1b6776c03d48093826c6-sock
java_class_path (initial): c:\Users\dell\.vscode\extensions\redhat.java-1.46.0-win32-x64\server\plugins\org.eclipse.equinox.launcher_1.7.0.v20250519-0528.jar
Launcher Type: SUN_STANDARD

[Global flags]
    uintx AdaptiveSizePolicyWeight                 = 90                                        {product} {command line}
     intx CICompilerCount                          = 4                                         {product} {ergonomic}
    uintx GCTimeRatio                              = 4                                         {product} {command line}
     bool HeapDumpOnOutOfMemoryError               = true                                   {manageable} {command line}
    ccstr HeapDumpPath                             = c:\Users\dell\AppData\Roaming\Code\User\workspaceStorage\0f34f62164e525c3dc22d11452f6a745\redhat.java         {manageable} {command line}
   size_t InitialHeapSize                          = 104857600                                 {product} {command line}
   size_t MaxHeapSize                              = 2147483648                                {product} {command line}
   size_t MaxNewSize                               = 715653120                                 {product} {ergonomic}
   size_t MinHeapDeltaBytes                        = 524288                                    {product} {ergonomic}
   size_t MinHeapSize                              = 104857600                                 {product} {command line}
   size_t NewSize                                  = 34603008                                  {product} {ergonomic}
    uintx NonNMethodCodeHeapSize                   = 5839372                                {pd product} {ergonomic}
    uintx NonProfiledCodeHeapSize                  = 122909434                              {pd product} {ergonomic}
   size_t OldSize                                  = 70254592                                  {product} {ergonomic}
    uintx ProfiledCodeHeapSize                     = 122909434                              {pd product} {ergonomic}
    uintx ReservedCodeCacheSize                    = 251658240                              {pd product} {ergonomic}
     bool SegmentedCodeCache                       = true                                      {product} {ergonomic}
   size_t SoftMaxHeapSize                          = 2147483648                             {manageable} {ergonomic}
     bool UseCompressedOops                        = true                           {product lp64_product} {ergonomic}
     bool UseLargePagesIndividualAllocation        = false                                  {pd product} {ergonomic}
     bool UseParallelGC                            = true                                      {product} {command line}

Logging:
Log output configuration:
 #0: stdout all=off uptime,level,tags foldmultilines=false
 #1: stderr all=off uptime,level,tags foldmultilines=false

Environment Variables:
JAVA_HOME=C:\Program Files\Eclipse Adoptium\jdk-17.0.16.8-hotspot
PATH=C:\Program Files\Eclipse Adoptium\jdk-17.0.16.8-hotspot\bin;C:\WINDOWS\system32;C:\WINDOWS;C:\WINDOWS\System32\Wbem;C:\WINDOWS\System32\WindowsPowerShell\v1.0\;C:\WINDOWS\System32\OpenSSH\;C:\Program Files (x86)\Microsoft SQL Server\160\Tools\Binn\;C:\Program Files\Microsoft SQL Server\160\Tools\Binn\;C:\Program Files\Microsoft SQL Server\Client SDK\ODBC\170\Tools\Binn\;C:\Program Files\Microsoft SQL Server\160\DTS\Binn\;C:\Program Files\Azure Data Studio\bin;C:\Program Files\Microsoft SQL Server\Client SDK\ODBC\110\Tools\Binn\;C:\Program Files (x86)\Microsoft SQL Server\120\Tools\Binn\;C:\Program Files\Microsoft SQL Server\120\Tools\Binn\;C:\Program Files\Microsoft SQL Server\120\DTS\Binn\;C:\Program Files (x86)\Microsoft SQL Server\120\Tools\Binn\ManagementStudio\;C:\Program Files (x86)\Microsoft SQL Server\120\DTS\Binn\;D:\Apps\Git\cmd;C:\Program Files\php-8.3.13;C:\composer;C:\Program Files\7-Zip\7z.exe;D:\Apps\;C:\Program Files\Docker\Docker\resources\bin;%LOCALAPPDATA%\Android\Sdk\platform-tools;%LOCALAPPDATA%\Android\Sdk\emulator;C:\Users\dell\AppData\Local\Microsoft\WindowsApps;C:\Program Files\Azure Data Studio\bin;D:\Downloads\jdk-22_windows-x64_bin.exe\bin;C:\Users\dell\AppData\Roaming\Composer\vendor\bin;C:\Program Files\JetBrains\PhpStorm 2024.3\bin;;C:\Users\dell\AppData\Roaming\npm;C:\Users\dell\AppData\Local\Programs\Microsoft VS Code\bin;C:\Users\dell\AppData\Local\Android\Sdk\platform-tools;C:\Users\dell\AppData\Local\Android\Sdk\tools;
USERNAME=dell
OS=Windows_NT
PROCESSOR_IDENTIFIER=Intel64 Family 6 Model 142 Stepping 10, GenuineIntel
TMP=C:\Users\dell\AppData\Local\Temp
TEMP=C:\Users\dell\AppData\Local\Temp




Periodic native trim disabled

---------------  S Y S T E M  ---------------

OS:
 Windows 11 , 64 bit Build 26100 (10.0.26100.6725)
OS uptime: 6 days 23:17 hours

CPU: total 8 (initial active 8) (4 cores per cpu, 2 threads per core) family 6 model 142 stepping 10 microcode 0xf4, cx8, cmov, fxsr, ht, mmx, 3dnowpref, sse, sse2, sse3, ssse3, sse4.1, sse4.2, popcnt, lzcnt, tsc, tscinvbit, avx, avx2, aes, erms, clmul, bmi1, bmi2, rtm, adx, fma, vzeroupper, clflush, clflushopt, rdtscp, f16c
Processor Information for the first 8 processors :
  Max Mhz: 1896, Current Mhz: 1696, Mhz Limit: 1687

Memory: 4k page, system-wide physical 16242M (839M free)
TotalPageFile size 21525M (AvailPageFile size 1M)
current process WorkingSet (physical memory assigned to process): 70M, peak: 309M
current process commit charge ("private bytes"): 353M, peak: 383M

vm_info: OpenJDK 64-Bit Server VM (21.0.8+9-LTS) for windows-amd64 JRE (21.0.8+9-LTS), built on 2025-07-15T00:00:00Z by "admin" with MS VC++ 17.7 (VS2022)

END.
